TN:
SF:__fixtures__/JSON.js
FNF:0
FNH:0
DA:1,1
LF:1
LH:1
BRF:0
BRH:0
end_of_record
TN:
SF:__fixtures__/resultPlain.js
FNF:0
FNH:0
DA:1,1
LF:1
LH:1
BRF:0
BRH:0
end_of_record
TN:
SF:__fixtures__/stylish.js
FNF:0
FNH:0
DA:1,1
LF:1
LH:1
BRF:0
BRH:0
end_of_record
TN:
SF:src/buildDiff.js
FN:3,(anonymous_0)
FN:5,(anonymous_1)
FNF:2
FNH:2
FNDA:45,(anonymous_0)
FNDA:162,(anonymous_1)
DA:3,1
DA:4,45
DA:5,45
DA:6,162
DA:7,162
DA:9,162
DA:10,45
DA:13,117
DA:14,18
DA:17,99
DA:18,27
DA:21,72
DA:22,36
DA:24,36
DA:31,45
LF:15
LH:15
BRDA:9,0,0,45
BRDA:9,0,1,117
BRDA:13,1,0,18
BRDA:13,1,1,99
BRDA:17,2,0,27
BRDA:17,2,1,72
BRDA:21,3,0,36
BRDA:21,3,1,36
BRDA:21,4,0,72
BRDA:21,4,1,45
BRF:10
BRH:10
end_of_record
TN:
SF:src/index.js
FN:8,(anonymous_0)
FN:9,(anonymous_1)
FN:10,(anonymous_2)
FN:12,(anonymous_3)
FNF:4
FNH:4
FNDA:18,(anonymous_0)
FNDA:18,(anonymous_1)
FNDA:18,(anonymous_2)
FNDA:9,(anonymous_3)
DA:8,18
DA:9,18
DA:10,18
DA:12,1
DA:13,9
DA:14,9
DA:15,9
DA:16,9
LF:8
LH:8
BRDA:12,0,0,9
BRF:1
BRH:1
end_of_record
TN:
SF:src/parsers.js
FN:3,(anonymous_0)
FNF:1
FNH:1
FNDA:18,(anonymous_0)
DA:3,1
DA:4,18
DA:6,6
DA:8,6
DA:10,6
DA:12,0
LF:6
LH:5
BRDA:4,0,0,6
BRDA:4,0,1,6
BRDA:4,0,2,6
BRDA:4,0,3,0
BRF:4
BRH:3
end_of_record
TN:
SF:src/formatters/index.js
FN:4,(anonymous_0)
FNF:1
FNH:1
FNDA:9,(anonymous_0)
DA:4,1
DA:5,9
DA:7,9
DA:9,0
DA:11,0
DA:13,0
LF:6
LH:3
BRDA:5,0,0,9
BRDA:5,0,1,0
BRDA:5,0,2,0
BRDA:5,0,3,0
BRF:4
BRH:1
end_of_record
TN:
SF:src/formatters/plain.js
FN:3,(anonymous_0)
FN:15,(anonymous_1)
FN:16,(anonymous_2)
FN:18,(anonymous_3)
FN:38,(anonymous_4)
FNF:5
FNH:0
FNDA:0,(anonymous_0)
FNDA:0,(anonymous_1)
FNDA:0,(anonymous_2)
FNDA:0,(anonymous_3)
FNDA:0,(anonymous_4)
DA:3,1
DA:4,0
DA:5,0
DA:8,0
DA:9,0
DA:12,0
DA:15,1
DA:16,0
DA:17,0
DA:18,0
DA:21,0
DA:22,0
DA:23,0
DA:25,0
DA:27,0
DA:29,0
DA:31,0
DA:33,0
DA:35,0
DA:38,0
DA:40,0
LF:21
LH:2
BRDA:4,0,0,0
BRDA:4,0,1,0
BRDA:8,1,0,0
BRDA:8,1,1,0
BRDA:22,2,0,0
BRDA:22,2,1,0
BRDA:23,3,0,0
BRDA:23,3,1,0
BRDA:23,3,2,0
BRDA:23,3,3,0
BRDA:23,3,4,0
BRDA:23,3,5,0
BRF:12
BRH:0
end_of_record
TN:
SF:src/formatters/stylish.js
FN:5,(anonymous_0)
FN:12,(anonymous_1)
FN:16,(anonymous_2)
FN:17,(anonymous_3)
FN:19,(anonymous_4)
FNF:5
FNH:5
FNDA:243,(anonymous_0)
FNDA:81,(anonymous_1)
FNDA:9,(anonymous_2)
FNDA:45,(anonymous_3)
FNDA:162,(anonymous_4)
DA:3,1
DA:5,1
DA:6,243
DA:7,180
DA:10,63
DA:11,63
DA:12,81
DA:13,63
DA:16,1
DA:17,9
DA:18,45
DA:19,45
DA:22,162
DA:23,162
DA:25,45
DA:27,18
DA:29,27
DA:31,36
DA:33,36
DA:35,0
DA:38,45
DA:40,9
LF:22
LH:21
BRDA:6,0,0,180
BRDA:6,0,1,63
BRDA:23,1,0,45
BRDA:23,1,1,18
BRDA:23,1,2,27
BRDA:23,1,3,36
BRDA:23,1,4,36
BRDA:23,1,5,0
BRF:8
BRH:7
end_of_record
